<?xml version="1.0" encoding="UTF-8" ?>
<testsuite tests="5" failures="0" name="com.quickSort.QuickSortTest" time="0.006" errors="0" skipped="0">
  <properties>
[...]
</properties>
  <testcase classname="com.quickSort.QuickSortTest" name="testQuickSortChecker[0]" time="0.006"/>
  <testcase classname="com.quickSort.QuickSortTest" name="testQuickSortChecker[1]" time="0"/>
  <testcase classname="com.quickSort.QuickSortTest" name="testQuickSortChecker[2]" time="0"/>
  <testcase classname="com.quickSort.QuickSortTest" name="testQuickSortChecker[3]" time="0"/>
  <testcase classname="com.quickSort.QuickSortTest" name="testQuickSortChecker[4]" time="0"/>
</testsuite>